# JRE version: Java(TM) SE Runtime Environment (17.0.10+11) (build 17.0.10+11-LTS-240)
# Java VM: Java HotSpot(TM) 64-Bit Server VM (17.0.10+11-LTS-240, mixed mode, sharing, tiered, compressed oops, compressed class ptrs, g1 gc, windows-amd64)
GC Precious Log:
 CPUs: 8 total, 8 available
 Memory: 16151M
 Large Page Support: Disabled
 NUMA Support: Disabled
 Compressed Oops: Enabled (32-bit)
 Heap Region Size: 1M
 Heap Min Capacity: 256M
 Heap Initial Capacity: 256M
 Heap Max Capacity: 512M
 Pre-touch: Disabled
 Parallel Workers: 8
 Concurrent Workers: 2
 Concurrent Refinement Workers: 8
 Periodic GC: Disabled
Heap:
 garbage-first heap   total 262144K, used 210553K [0x00000000e0000000, 0x0000000100000000)
  region size 1024K, 108 young (110592K), 7 survivors (7168K)
 Metaspace       used 130645K, committed 131456K, reserved 458752K
  class space    used 16598K, committed 16960K, reserved 327680K
GC Heap History (20 events):
Event: 9.725 GC heap before
{Heap before GC invocations=12 (full 0):
 garbage-first heap   total 262144K, used 192257K [0x00000000e0000000, 0x0000000100000000)
  region size 1024K, 152 young (155648K), 16 survivors (16384K)
 Metaspace       used 76918K, committed 77568K, reserved 458752K
  class space    used 10430K, committed 10752K, reserved 327680K
}
Event: 9.737 GC heap after
{Heap after GC invocations=13 (full 0):
 garbage-first heap   total 262144K, used 61446K [0x00000000e0000000, 0x0000000100000000)
  region size 1024K, 18 young (18432K), 18 survivors (18432K)
 Metaspace       used 76918K, committed 77568K, reserved 458752K
  class space    used 10430K, committed 10752K, reserved 327680K
}
Event: 11.628 GC heap before
{Heap before GC invocations=13 (full 0):
 garbage-first heap   total 262144K, used 194566K [0x00000000e0000000, 0x0000000100000000)
  region size 1024K, 147 young (150528K), 18 survivors (18432K)
 Metaspace       used 86982K, committed 87552K, reserved 458752K
  class space    used 11551K, committed 11840K, reserved 327680K
}
Event: 11.641 GC heap after
{Heap after GC invocations=14 (full 0):
 garbage-first heap   total 262144K, used 69712K [0x00000000e0000000, 0x0000000100000000)
  region size 1024K, 17 young (17408K), 17 survivors (17408K)
 Metaspace       used 86982K, committed 87552K, reserved 458752K
  class space    used 11551K, committed 11840K, reserved 327680K
}
Event: 13.177 GC heap before
{Heap before GC invocations=14 (full 0):
 garbage-first heap   total 262144K, used 181328K [0x00000000e0000000, 0x0000000100000000)
  region size 1024K, 127 young (130048K), 17 survivors (17408K)
 Metaspace       used 102089K, committed 102656K, reserved 458752K
  class space    used 13277K, committed 13568K, reserved 327680K
}
Event: 13.185 GC heap after
{Heap after GC invocations=15 (full 0):
 garbage-first heap   total 262144K, used 72831K [0x00000000e0000000, 0x0000000100000000)
  region size 1024K, 12 young (12288K), 12 survivors (12288K)
 Metaspace       used 102089K, committed 102656K, reserved 458752K
  class space    used 13277K, committed 13568K, reserved 327680K
}
Event: 14.774 GC heap before
{Heap before GC invocations=16 (full 0):
 garbage-first heap   total 262144K, used 204927K [0x00000000e0000000, 0x0000000100000000)
  region size 1024K, 140 young (143360K), 12 survivors (12288K)
 Metaspace       used 107861K, committed 108480K, reserved 458752K
  class space    used 14168K, committed 14464K, reserved 327680K
}
Event: 14.786 GC heap after
{Heap after GC invocations=17 (full 0):
 garbage-first heap   total 262144K, used 85366K [0x00000000e0000000, 0x0000000100000000)
  region size 1024K, 16 young (16384K), 16 survivors (16384K)
 Metaspace       used 107861K, committed 108480K, reserved 458752K
  class space    used 14168K, committed 14464K, reserved 327680K
}
Event: 17.179 GC heap before
{Heap before GC invocations=17 (full 0):
 garbage-first heap   total 262144K, used 204150K [0x00000000e0000000, 0x0000000100000000)
  region size 1024K, 132 young (135168K), 16 survivors (16384K)
 Metaspace       used 114064K, committed 114816K, reserved 458752K
  class space    used 14803K, committed 15168K, reserved 327680K
}
Event: 17.190 GC heap after
{Heap after GC invocations=18 (full 0):
 garbage-first heap   total 262144K, used 78941K [0x00000000e0000000, 0x0000000100000000)
  region size 1024K, 8 young (8192K), 8 survivors (8192K)
 Metaspace       used 114064K, committed 114816K, reserved 458752K
  class space    used 14803K, committed 15168K, reserved 327680K
}
Event: 67.077 GC heap before
{Heap before GC invocations=18 (full 0):
 garbage-first heap   total 262144K, used 211037K [0x00000000e0000000, 0x0000000100000000)
  region size 1024K, 131 young (134144K), 8 survivors (8192K)
 Metaspace       used 117833K, committed 118656K, reserved 458752K
  class space    used 15266K, committed 15680K, reserved 327680K
}
Event: 67.089 GC heap after
{Heap after GC invocations=19 (full 0):
 garbage-first heap   total 262144K, used 94208K [0x00000000e0000000, 0x0000000100000000)
  region size 1024K, 17 young (17408K), 17 survivors (17408K)
 Metaspace       used 117833K, committed 118656K, reserved 458752K
  class space    used 15266K, committed 15680K, reserved 327680K
}
Event: 68.131 GC heap before
{Heap before GC invocations=19 (full 0):
 garbage-first heap   total 262144K, used 209920K [0x00000000e0000000, 0x0000000100000000)
  region size 1024K, 122 young (124928K), 17 survivors (17408K)
 Metaspace       used 119478K, committed 120320K, reserved 458752K
  class space    used 15405K, committed 15808K, reserved 327680K
}
Event: 68.140 GC heap after
{Heap after GC invocations=20 (full 0):
 garbage-first heap   total 262144K, used 96557K [0x00000000e0000000, 0x0000000100000000)
  region size 1024K, 3 young (3072K), 3 survivors (3072K)
 Metaspace       used 119478K, committed 120320K, reserved 458752K
  class space    used 15405K, committed 15808K, reserved 327680K
}
Event: 71.661 GC heap before
{Heap before GC invocations=20 (full 0):
 garbage-first heap   total 262144K, used 207149K [0x00000000e0000000, 0x0000000100000000)
  region size 1024K, 111 young (113664K), 3 survivors (3072K)
 Metaspace       used 128945K, committed 129728K, reserved 458752K
  class space    used 16544K, committed 16896K, reserved 327680K
}
Event: 71.672 GC heap after
{Heap after GC invocations=21 (full 0):
 garbage-first heap   total 262144K, used 106063K [0x00000000e0000000, 0x0000000100000000)
  region size 1024K, 12 young (12288K), 12 survivors (12288K)
 Metaspace       used 128945K, committed 129728K, reserved 458752K
  class space    used 16544K, committed 16896K, reserved 327680K
}
Event: 73.166 GC heap before
{Heap before GC invocations=21 (full 0):
 garbage-first heap   total 262144K, used 207439K [0x00000000e0000000, 0x0000000100000000)
  region size 1024K, 111 young (113664K), 12 survivors (12288K)
 Metaspace       used 129246K, committed 130048K, reserved 458752K
  class space    used 16547K, committed 16896K, reserved 327680K
}
Event: 73.172 GC heap after
{Heap after GC invocations=22 (full 0):
 garbage-first heap   total 262144K, used 106881K [0x00000000e0000000, 0x0000000100000000)
  region size 1024K, 6 young (6144K), 6 survivors (6144K)
 Metaspace       used 129246K, committed 130048K, reserved 458752K
  class space    used 16547K, committed 16896K, reserved 327680K
}
Event: 73.852 GC heap before
{Heap before GC invocations=22 (full 0):
 garbage-first heap   total 262144K, used 208257K [0x00000000e0000000, 0x0000000100000000)
  region size 1024K, 106 young (108544K), 6 survivors (6144K)
 Metaspace       used 129749K, committed 130496K, reserved 458752K
  class space    used 16558K, committed 16896K, reserved 327680K
}
Event: 73.857 GC heap after
{Heap after GC invocations=23 (full 0):
 garbage-first heap   total 262144K, used 108153K [0x00000000e0000000, 0x0000000100000000)
  region size 1024K, 7 young (7168K), 7 survivors (7168K)
 Metaspace       used 129749K, committed 130496K, reserved 458752K
  class space    used 16558K, committed 16896K, reserved 327680K
}

