# JRE version: Java(TM) SE Runtime Environment (17.0.10+11) (build 17.0.10+11-LTS-240)
# Java VM: Java HotSpot(TM) 64-Bit Server VM (17.0.10+11-LTS-240, mixed mode, sharing, tiered, compressed oops, compressed class ptrs, g1 gc, windows-amd64)
GC Precious Log:
 CPUs: 8 total, 8 available
 Memory: 16151M
 Large Page Support: Disabled
 NUMA Support: Disabled
 Compressed Oops: Enabled (32-bit)
 Heap Region Size: 1M
 Heap Min Capacity: 256M
 Heap Initial Capacity: 256M
 Heap Max Capacity: 512M
 Pre-touch: Disabled
 Parallel Workers: 8
 Concurrent Workers: 2
 Concurrent Refinement Workers: 8
 Periodic GC: Disabled
Heap:
 garbage-first heap   total 262144K, used 50593K [0x00000000e0000000, 0x0000000100000000)
  region size 1024K, 8 young (8192K), 2 survivors (2048K)
 Metaspace       used 60165K, committed 60800K, reserved 393216K
  class space    used 8582K, committed 8896K, reserved 327680K
GC Heap History (18 events):
Event: 0.668 GC heap before
{Heap before GC invocations=0 (full 0):
 garbage-first heap   total 262144K, used 26624K [0x00000000e0000000, 0x0000000100000000)
  region size 1024K, 23 young (23552K), 0 survivors (0K)
 Metaspace       used 3020K, committed 3200K, reserved 393216K
  class space    used 383K, committed 448K, reserved 327680K
}
Event: 0.672 GC heap after
{Heap after GC invocations=1 (full 0):
 garbage-first heap   total 262144K, used 10507K [0x00000000e0000000, 0x0000000100000000)
  region size 1024K, 3 young (3072K), 3 survivors (3072K)
 Metaspace       used 3020K, committed 3200K, reserved 393216K
  class space    used 383K, committed 448K, reserved 327680K
}
Event: 1.111 GC heap before
{Heap before GC invocations=1 (full 0):
 garbage-first heap   total 262144K, used 38155K [0x00000000e0000000, 0x0000000100000000)
  region size 1024K, 30 young (30720K), 3 survivors (3072K)
 Metaspace       used 3991K, committed 4160K, reserved 393216K
  class space    used 490K, committed 576K, reserved 327680K
}
Event: 1.113 GC heap after
{Heap after GC invocations=2 (full 0):
 garbage-first heap   total 262144K, used 11437K [0x00000000e0000000, 0x0000000100000000)
  region size 1024K, 1 young (1024K), 1 survivors (1024K)
 Metaspace       used 3991K, committed 4160K, reserved 393216K
  class space    used 490K, committed 576K, reserved 327680K
}
Event: 3.274 GC heap before
{Heap before GC invocations=2 (full 0):
 garbage-first heap   total 262144K, used 129197K [0x00000000e0000000, 0x0000000100000000)
  region size 1024K, 117 young (119808K), 1 survivors (1024K)
 Metaspace       used 21233K, committed 21504K, reserved 393216K
  class space    used 3124K, committed 3264K, reserved 327680K
}
Event: 3.282 GC heap after
{Heap after GC invocations=3 (full 0):
 garbage-first heap   total 262144K, used 23036K [0x00000000e0000000, 0x0000000100000000)
  region size 1024K, 13 young (13312K), 13 survivors (13312K)
 Metaspace       used 21233K, committed 21504K, reserved 393216K
  class space    used 3124K, committed 3264K, reserved 327680K
}
Event: 5.227 GC heap before
{Heap before GC invocations=4 (full 0):
 garbage-first heap   total 262144K, used 136700K [0x00000000e0000000, 0x0000000100000000)
  region size 1024K, 121 young (123904K), 13 survivors (13312K)
 Metaspace       used 35591K, committed 35968K, reserved 393216K
  class space    used 4945K, committed 5120K, reserved 327680K
}
Event: 5.238 GC heap after
{Heap after GC invocations=5 (full 0):
 garbage-first heap   total 262144K, used 32124K [0x00000000e0000000, 0x0000000100000000)
  region size 1024K, 10 young (10240K), 10 survivors (10240K)
 Metaspace       used 35591K, committed 35968K, reserved 393216K
  class space    used 4945K, committed 5120K, reserved 327680K
}
Event: 5.265 GC heap before
{Heap before GC invocations=5 (full 0):
 garbage-first heap   total 262144K, used 34172K [0x00000000e0000000, 0x0000000100000000)
  region size 1024K, 12 young (12288K), 10 survivors (10240K)
 Metaspace       used 35677K, committed 36096K, reserved 393216K
  class space    used 4955K, committed 5184K, reserved 327680K
}
Event: 5.273 GC heap after
{Heap after GC invocations=6 (full 0):
 garbage-first heap   total 262144K, used 32257K [0x00000000e0000000, 0x0000000100000000)
  region size 1024K, 2 young (2048K), 2 survivors (2048K)
 Metaspace       used 35677K, committed 36096K, reserved 393216K
  class space    used 4955K, committed 5184K, reserved 327680K
}
Event: 5.303 GC heap before
{Heap before GC invocations=6 (full 0):
 garbage-first heap   total 262144K, used 33281K [0x00000000e0000000, 0x0000000100000000)
  region size 1024K, 4 young (4096K), 2 survivors (2048K)
 Metaspace       used 35948K, committed 36288K, reserved 393216K
  class space    used 4995K, committed 5184K, reserved 327680K
}
Event: 5.304 GC heap after
{Heap after GC invocations=7 (full 0):
 garbage-first heap   total 262144K, used 31488K [0x00000000e0000000, 0x0000000100000000)
  region size 1024K, 1 young (1024K), 1 survivors (1024K)
 Metaspace       used 35948K, committed 36288K, reserved 393216K
  class space    used 4995K, committed 5184K, reserved 327680K
}
Event: 7.453 GC heap before
{Heap before GC invocations=8 (full 0):
 garbage-first heap   total 262144K, used 187136K [0x00000000e0000000, 0x0000000100000000)
  region size 1024K, 152 young (155648K), 1 survivors (1024K)
 Metaspace       used 53583K, committed 54144K, reserved 393216K
  class space    used 7792K, committed 8064K, reserved 327680K
}
Event: 7.460 GC heap after
{Heap after GC invocations=9 (full 0):
 garbage-first heap   total 262144K, used 37094K [0x00000000e0000000, 0x0000000100000000)
  region size 1024K, 7 young (7168K), 7 survivors (7168K)
 Metaspace       used 53583K, committed 54144K, reserved 393216K
  class space    used 7792K, committed 8064K, reserved 327680K
}
Event: 7.541 GC heap before
{Heap before GC invocations=9 (full 0):
 garbage-first heap   total 262144K, used 42214K [0x00000000e0000000, 0x0000000100000000)
  region size 1024K, 12 young (12288K), 7 survivors (7168K)
 Metaspace       used 54347K, committed 54976K, reserved 393216K
  class space    used 7870K, committed 8192K, reserved 327680K
}
Event: 7.545 GC heap after
{Heap after GC invocations=10 (full 0):
 garbage-first heap   total 262144K, used 37679K [0x00000000e0000000, 0x0000000100000000)
  region size 1024K, 1 young (1024K), 1 survivors (1024K)
 Metaspace       used 54347K, committed 54976K, reserved 393216K
  class space    used 7870K, committed 8192K, reserved 327680K
}
Event: 8.093 GC heap before
{Heap before GC invocations=10 (full 0):
 garbage-first heap   total 262144K, used 84783K [0x00000000e0000000, 0x0000000100000000)
  region size 1024K, 41 young (41984K), 1 survivors (1024K)
 Metaspace       used 60066K, committed 60672K, reserved 393216K
  class space    used 8582K, committed 8896K, reserved 327680K
}
Event: 8.095 GC heap after
{Heap after GC invocations=11 (full 0):
 garbage-first heap   total 262144K, used 45473K [0x00000000e0000000, 0x0000000100000000)
  region size 1024K, 2 young (2048K), 2 survivors (2048K)
 Metaspace       used 60066K, committed 60672K, reserved 393216K
  class space    used 8582K, committed 8896K, reserved 327680K
}

